<html>
<head>
<title>TestNG:  Retentionworks Talent Keeper</title>
<link href="../testng.css" rel="stylesheet" type="text/css" />
<link href="../my-testng.css" rel="stylesheet" type="text/css" />

<style type="text/css">
.log { display: none;} 
.stack-trace { display: none;} 
</style>
<script type="text/javascript">
<!--
function flip(e) {
  current = e.style.display;
  if (current == 'block') {
    e.style.display = 'none';
    return 0;
  }
  else {
    e.style.display = 'block';
    return 1;
  }
}

function toggleBox(szDivId, elem, msg1, msg2)
{
  var res = -1;  if (document.getElementById) {
    res = flip(document.getElementById(szDivId));
  }
  else if (document.all) {
    // this is the way old msie versions work
    res = flip(document.all[szDivId]);
  }
  if(elem) {
    if(res == 0) elem.innerHTML = msg1; else elem.innerHTML = msg2;
  }

}

function toggleAllBoxes() {
  if (document.getElementsByTagName) {
    d = document.getElementsByTagName('div');
    for (i = 0; i < d.length; i++) {
      if (d[i].className == 'log') {
        flip(d[i]);
      }
    }
  }
}

// -->
</script>

</head>
<body>
<h2 align='center'>Retentionworks Talent Keeper</h2><table border='1' align="center">
<tr>
<td>Tests passed/Failed/Skipped:</td><td>15/1/0</td>
</tr><tr>
<td>Started on:</td><td>Mon Jun 05 16:52:58 IST 2023</td>
</tr>
<tr><td>Total time:</td><td>76 seconds (76192 ms)</td>
</tr><tr>
<td>Included groups:</td><td></td>
</tr><tr>
<td>Excluded groups:</td><td></td>
</tr>
</table><p/>
<small><i>(Hover the method name to see the test class name)</i></small><p/>
<table width='100%' border='1' class='invocation-failed'>
<tr><td colspan='4' align='center'><b>FAILED TESTS</b></td></tr>
<tr><td><b>Test method</b></td>
<td><b>Attribute(s)</b></td>
<td width="30%"><b>Exception</b></td>
<td width="10%"><b>Time (seconds)</b></td>
<td><b>Instance</b></td>
</tr>
<tr>
<td title='com.ecomm.qa.testcases.TalentWatchGeneralTest.dismissModal()'><b>dismissModal</b><br>Test class: com.ecomm.qa.testcases.TalentWatchGeneralTest</td>
<td><div><pre>org.openqa.selenium.NoSuchElementException: no such element: Unable to locate element: {&quot;method&quot;:&quot;xpath&quot;,&quot;selector&quot;:&quot;//tbody/tr[12]/td[4]/input[1]&quot;}
  (Session info: chrome=113.0.5672.129)
For documentation on this error, please visit: https://selenium.dev/exceptions/#no_such_element
Build info: version: &apos;4.3.0&apos;, revision: &apos;a4995e2c09*&apos;
System info: host: &apos;DESKTOP-GJAVTI7&apos;, ip: &apos;192.168.0.102&apos;, os.name: &apos;Windows 10&apos;, os.arch: &apos;amd64&apos;, os.version: &apos;10.0&apos;, java.version: &apos;17.0.4&apos;
Driver info: org.openqa.selenium.chrome.ChromeDriver
Command: [c5e2e4be20b843d76751ee7d3fe407b5, findElement {using=xpath, value=//tbody/tr[12]/td[4]/input[1]}]
Capabilities {acceptInsecureCerts: false, browserName: chrome, browserVersion: 113.0.5672.129, chrome: {chromedriverVersion: 113.0.5672.63 (0e1a4471d5ae..., userDataDir: C:\Users\Admin\AppData\Loca...}, goog:chromeOptions: {debuggerAddress: localhost:55779}, networkConnectionEnabled: false, pageLoadStrategy: normal, platformName: WINDOWS, proxy: Proxy(), se:cdp: ws://localhost:55779/devtoo..., se:cdpVersion: 113.0.5672.129, setWindowRect: true, strictFileInteractability: false, timeouts: {implicit: 0, pageLoad: 300000, script: 30000}, unhandledPromptBehavior: dismiss and notify, webauthn:extension:credBlob: true, webauthn:extension:largeBlob: true, webauthn:extension:minPinLength: true, webauthn:extension:prf: true, webauthn:virtualAuthenticators: true}
Session ID: c5e2e4be20b843d76751ee7d3fe407b5
	at org.openqa.selenium.remote.codec.w3c.W3CHttpResponseCodec.createException(W3CHttpResponseCodec.java:200)
	at org.openqa.selenium.remote.codec.w3c.W3CHttpResponseCodec.decode(W3CHttpResponseCodec.java:133)
	at org.openqa.selenium.remote.codec.w3c.W3CHttpResponseCodec.decode(W3CHttpResponseCodec.java:53)
	at org.openqa.selenium.remote.HttpCommandExecutor.execute(HttpCommandExecutor.java:184)
	at org.openqa.selenium.remote.service.DriverCommandExecutor.invokeExecute(DriverCommandExecutor.java:167)
	at org.openqa.selenium.remote.service.DriverCommandExecutor.execute(DriverCommandExecutor.java:142)
	at org.openqa.selenium.remote.RemoteWebDriver.execute(RemoteWebDriver.java:569)
	at org.openqa.selenium.remote.ElementLocation$ElementFinder$2.findElement(ElementLocation.java:162)
	at org.openqa.selenium.remote.ElementLocation.findElement(ElementLocation.java:60)
	at org.openqa.selenium.remote.RemoteWebDriver.findElement(RemoteWebDriver.java:387)
	at org.openqa.selenium.remote.RemoteWebDriver.findElement(RemoteWebDriver.java:379)
	at com.ecomm.qa.pages.TalentWatchGeneral.TalentWatchPage(TalentWatchGeneral.java:65)
	at com.ecomm.qa.testcases.TalentWatchGeneralTest.dismissModal(TalentWatchGeneralTest.java:36)
	at java.base/java.util.ArrayList.forEach(ArrayList.java:1511)
... Removed 32 stack frames</pre></div><a href='#' onClick='toggleBox("stack-trace1083292099", this, "Click to show all stack frames", "Click to hide stack frames")'>Click to show all stack frames</a>
<div class='stack-trace' id='stack-trace1083292099'><pre>org.openqa.selenium.NoSuchElementException: no such element: Unable to locate element: {&quot;method&quot;:&quot;xpath&quot;,&quot;selector&quot;:&quot;//tbody/tr[12]/td[4]/input[1]&quot;}
  (Session info: chrome=113.0.5672.129)
For documentation on this error, please visit: https://selenium.dev/exceptions/#no_such_element
Build info: version: &apos;4.3.0&apos;, revision: &apos;a4995e2c09*&apos;
System info: host: &apos;DESKTOP-GJAVTI7&apos;, ip: &apos;192.168.0.102&apos;, os.name: &apos;Windows 10&apos;, os.arch: &apos;amd64&apos;, os.version: &apos;10.0&apos;, java.version: &apos;17.0.4&apos;
Driver info: org.openqa.selenium.chrome.ChromeDriver
Command: [c5e2e4be20b843d76751ee7d3fe407b5, findElement {using=xpath, value=//tbody/tr[12]/td[4]/input[1]}]
Capabilities {acceptInsecureCerts: false, browserName: chrome, browserVersion: 113.0.5672.129, chrome: {chromedriverVersion: 113.0.5672.63 (0e1a4471d5ae..., userDataDir: C:\Users\Admin\AppData\Loca...}, goog:chromeOptions: {debuggerAddress: localhost:55779}, networkConnectionEnabled: false, pageLoadStrategy: normal, platformName: WINDOWS, proxy: Proxy(), se:cdp: ws://localhost:55779/devtoo..., se:cdpVersion: 113.0.5672.129, setWindowRect: true, strictFileInteractability: false, timeouts: {implicit: 0, pageLoad: 300000, script: 30000}, unhandledPromptBehavior: dismiss and notify, webauthn:extension:credBlob: true, webauthn:extension:largeBlob: true, webauthn:extension:minPinLength: true, webauthn:extension:prf: true, webauthn:virtualAuthenticators: true}
Session ID: c5e2e4be20b843d76751ee7d3fe407b5
	at java.base/jdk.internal.reflect.NativeConstructorAccessorImpl.newInstance0(Native Method)
	at java.base/jdk.internal.reflect.NativeConstructorAccessorImpl.newInstance(NativeConstructorAccessorImpl.java:77)
	at java.base/jdk.internal.reflect.DelegatingConstructorAccessorImpl.newInstance(DelegatingConstructorAccessorImpl.java:45)
	at java.base/java.lang.reflect.Constructor.newInstanceWithCaller(Constructor.java:499)
	at java.base/java.lang.reflect.Constructor.newInstance(Constructor.java:480)
	at org.openqa.selenium.remote.codec.w3c.W3CHttpResponseCodec.createException(W3CHttpResponseCodec.java:200)
	at org.openqa.selenium.remote.codec.w3c.W3CHttpResponseCodec.decode(W3CHttpResponseCodec.java:133)
	at org.openqa.selenium.remote.codec.w3c.W3CHttpResponseCodec.decode(W3CHttpResponseCodec.java:53)
	at org.openqa.selenium.remote.HttpCommandExecutor.execute(HttpCommandExecutor.java:184)
	at org.openqa.selenium.remote.service.DriverCommandExecutor.invokeExecute(DriverCommandExecutor.java:167)
	at org.openqa.selenium.remote.service.DriverCommandExecutor.execute(DriverCommandExecutor.java:142)
	at org.openqa.selenium.remote.RemoteWebDriver.execute(RemoteWebDriver.java:569)
	at org.openqa.selenium.remote.ElementLocation$ElementFinder$2.findElement(ElementLocation.java:162)
	at org.openqa.selenium.remote.ElementLocation.findElement(ElementLocation.java:60)
	at org.openqa.selenium.remote.RemoteWebDriver.findElement(RemoteWebDriver.java:387)
	at org.openqa.selenium.remote.RemoteWebDriver.findElement(RemoteWebDriver.java:379)
	at com.ecomm.qa.pages.TalentWatchGeneral.TalentWatchPage(TalentWatchGeneral.java:65)
	at com.ecomm.qa.testcases.TalentWatchGeneralTest.dismissModal(TalentWatchGeneralTest.java:36)
	at java.base/jdk.internal.reflect.NativeMethodAccessorImpl.invoke0(Native Method)
	at java.base/jdk.internal.reflect.NativeMethodAccessorImpl.invoke(NativeMethodAccessorImpl.java:77)
	at java.base/jdk.internal.reflect.DelegatingMethodAccessorImpl.invoke(DelegatingMethodAccessorImpl.java:43)
	at java.base/java.lang.reflect.Method.invoke(Method.java:568)
	at org.testng.internal.invokers.MethodInvocationHelper.invokeMethod(MethodInvocationHelper.java:139)
	at org.testng.internal.invokers.TestInvoker.invokeMethod(TestInvoker.java:677)
	at org.testng.internal.invokers.TestInvoker.invokeTestMethod(TestInvoker.java:221)
	at org.testng.internal.invokers.MethodRunner.runInSequence(MethodRunner.java:50)
	at org.testng.internal.invokers.TestInvoker$MethodInvocationAgent.invoke(TestInvoker.java:962)
	at org.testng.internal.invokers.TestInvoker.invokeTestMethods(TestInvoker.java:194)
	at org.testng.internal.invokers.TestMethodWorker.invokeTestMethods(TestMethodWorker.java:148)
	at org.testng.internal.invokers.TestMethodWorker.run(TestMethodWorker.java:128)
	at java.base/java.util.ArrayList.forEach(ArrayList.java:1511)
	at org.testng.TestRunner.privateRun(TestRunner.java:806)
	at org.testng.TestRunner.run(TestRunner.java:601)
	at org.testng.SuiteRunner.runTest(SuiteRunner.java:433)
	at org.testng.SuiteRunner.runSequentially(SuiteRunner.java:427)
	at org.testng.SuiteRunner.privateRun(SuiteRunner.java:387)
	at org.testng.SuiteRunner.run(SuiteRunner.java:330)
	at org.testng.SuiteRunnerWorker.runSuite(SuiteRunnerWorker.java:52)
	at org.testng.SuiteRunnerWorker.run(SuiteRunnerWorker.java:95)
	at org.testng.TestNG.runSuitesSequentially(TestNG.java:1256)
	at org.testng.TestNG.runSuitesLocally(TestNG.java:1176)
	at org.testng.TestNG.runSuites(TestNG.java:1099)
	at org.testng.TestNG.run(TestNG.java:1067)
	at org.testng.remote.AbstractRemoteTestNG.run(AbstractRemoteTestNG.java:115)
	at org.testng.remote.RemoteTestNG.initAndRun(RemoteTestNG.java:251)
	at org.testng.remote.RemoteTestNG.main(RemoteTestNG.java:77)
</pre></div></td>
<td>32</td>
<td>com.ecomm.qa.testcases.TalentWatchGeneralTest@f0c8a99</td></tr>
</table><p>
<table width='100%' border='1' class='invocation-passed'>
<tr><td colspan='4' align='center'><b>PASSED TESTS</b></td></tr>
<tr><td><b>Test method</b></td>
<td><b>Attribute(s)</b></td>
<td width="30%"><b>Exception</b></td>
<td width="10%"><b>Time (seconds)</b></td>
<td><b>Instance</b></td>
</tr>
<tr>
<td title='com.ecomm.qa.testcases.FirstFitTest.FirstFitPage()'><b>FirstFitPage</b><br>Test class: com.ecomm.qa.testcases.FirstFitTest</td>
<td></td>
<td>4</td>
<td>com.ecomm.qa.testcases.FirstFitTest@46cdf8bd</td></tr>
<tr>
<td title='com.ecomm.qa.testcases.FirstFitTest.FirstFitQuestion1()'><b>FirstFitQuestion1</b><br>Test class: com.ecomm.qa.testcases.FirstFitTest</td>
<td></td>
<td>0</td>
<td>com.ecomm.qa.testcases.FirstFitTest@46cdf8bd</td></tr>
<tr>
<td title='com.ecomm.qa.testcases.FirstFitTest.FirstFitQuestion8()'><b>FirstFitQuestion8</b><br>Test class: com.ecomm.qa.testcases.FirstFitTest</td>
<td></td>
<td>0</td>
<td>com.ecomm.qa.testcases.FirstFitTest@46cdf8bd</td></tr>
<tr>
<td title='com.ecomm.qa.testcases.FirstFitTest.FirstFitQuestion3()'><b>FirstFitQuestion3</b><br>Test class: com.ecomm.qa.testcases.FirstFitTest</td>
<td></td>
<td>0</td>
<td>com.ecomm.qa.testcases.FirstFitTest@46cdf8bd</td></tr>
<tr>
<td title='com.ecomm.qa.testcases.FirstFitTest.FirstFitQuestion4()'><b>FirstFitQuestion4</b><br>Test class: com.ecomm.qa.testcases.FirstFitTest</td>
<td></td>
<td>0</td>
<td>com.ecomm.qa.testcases.FirstFitTest@46cdf8bd</td></tr>
<tr>
<td title='com.ecomm.qa.testcases.FirstFitTest.FirstFitQuestion6()'><b>FirstFitQuestion6</b><br>Test class: com.ecomm.qa.testcases.FirstFitTest</td>
<td></td>
<td>0</td>
<td>com.ecomm.qa.testcases.FirstFitTest@46cdf8bd</td></tr>
<tr>
<td title='com.ecomm.qa.testcases.FirstFitTest.FirstFitQuestion9()'><b>FirstFitQuestion9</b><br>Test class: com.ecomm.qa.testcases.FirstFitTest</td>
<td></td>
<td>0</td>
<td>com.ecomm.qa.testcases.FirstFitTest@46cdf8bd</td></tr>
<tr>
<td title='com.ecomm.qa.testcases.FirstFitTest.FirstFitQuestion10()'><b>FirstFitQuestion10</b><br>Test class: com.ecomm.qa.testcases.FirstFitTest</td>
<td></td>
<td>0</td>
<td>com.ecomm.qa.testcases.FirstFitTest@46cdf8bd</td></tr>
<tr>
<td title='com.ecomm.qa.testcases.FirstFitTest.clickContinue()'><b>clickContinue</b><br>Test class: com.ecomm.qa.testcases.FirstFitTest</td>
<td></td>
<td>5</td>
<td>com.ecomm.qa.testcases.FirstFitTest@46cdf8bd</td></tr>
<tr>
<td title='com.ecomm.qa.testcases.FirstFitTest.FirstFitQuestion5()'><b>FirstFitQuestion5</b><br>Test class: com.ecomm.qa.testcases.FirstFitTest</td>
<td></td>
<td>0</td>
<td>com.ecomm.qa.testcases.FirstFitTest@46cdf8bd</td></tr>
<tr>
<td title='com.ecomm.qa.testcases.LoginPageTest.testLogin()'><b>testLogin</b><br>Test class: com.ecomm.qa.testcases.LoginPageTest</td>
<td></td>
<td>6</td>
<td>com.ecomm.qa.testcases.LoginPageTest@942a29c</td></tr>
<tr>
<td title='com.ecomm.qa.testcases.FirstFitTest.FirstFitQuestion2()'><b>FirstFitQuestion2</b><br>Test class: com.ecomm.qa.testcases.FirstFitTest</td>
<td></td>
<td>0</td>
<td>com.ecomm.qa.testcases.FirstFitTest@46cdf8bd</td></tr>
<tr>
<td title='com.ecomm.qa.testcases.FirstFitTest.dismissModal()'><b>dismissModal</b><br>Test class: com.ecomm.qa.testcases.FirstFitTest</td>
<td></td>
<td>0</td>
<td>com.ecomm.qa.testcases.FirstFitTest@46cdf8bd</td></tr>
<tr>
<td title='com.ecomm.qa.testcases.FirstFitTest.clickFirstFit()'><b>clickFirstFit</b><br>Test class: com.ecomm.qa.testcases.FirstFitTest</td>
<td></td>
<td>0</td>
<td>com.ecomm.qa.testcases.FirstFitTest@46cdf8bd</td></tr>
<tr>
<td title='com.ecomm.qa.testcases.FirstFitTest.FirstFitQuestion7()'><b>FirstFitQuestion7</b><br>Test class: com.ecomm.qa.testcases.FirstFitTest</td>
<td></td>
<td>0</td>
<td>com.ecomm.qa.testcases.FirstFitTest@46cdf8bd</td></tr>
</table><p>
</body>
</html>