<?xml version="1.0" encoding="UTF-8"?>
<!-- Generated by org.testng.reporters.JUnitXMLReporter -->
<testsuite ignored="0" hostname="DESKTOP-GJAVTI7" failures="1" tests="16" name="Retentionworks Talent Keeper" time="76.192" errors="0" timestamp="2023-06-05T16:54:14 IST">
  <testcase classname="com.ecomm.qa.testcases.LoginPageTest" name="testLogin" time="6.422"/>
  <testcase classname="com.ecomm.qa.testcases.FirstFitTest" name="dismissModal" time="0.14"/>
  <testcase classname="com.ecomm.qa.testcases.FirstFitTest" name="clickFirstFit" time="0.388"/>
  <testcase classname="com.ecomm.qa.testcases.FirstFitTest" name="FirstFitPage" time="4.248"/>
  <testcase classname="com.ecomm.qa.testcases.FirstFitTest" name="FirstFitQuestion1" time="0.157"/>
  <testcase classname="com.ecomm.qa.testcases.FirstFitTest" name="FirstFitQuestion2" time="0.092"/>
  <testcase classname="com.ecomm.qa.testcases.FirstFitTest" name="FirstFitQuestion3" time="0.093"/>
  <testcase classname="com.ecomm.qa.testcases.FirstFitTest" name="FirstFitQuestion4" time="0.122"/>
  <testcase classname="com.ecomm.qa.testcases.FirstFitTest" name="FirstFitQuestion5" time="0.139"/>
  <testcase classname="com.ecomm.qa.testcases.FirstFitTest" name="FirstFitQuestion6" time="0.144"/>
  <testcase classname="com.ecomm.qa.testcases.FirstFitTest" name="FirstFitQuestion7" time="0.146"/>
  <testcase classname="com.ecomm.qa.testcases.FirstFitTest" name="FirstFitQuestion8" time="0.165"/>
  <testcase classname="com.ecomm.qa.testcases.FirstFitTest" name="FirstFitQuestion9" time="0.203"/>
  <testcase classname="com.ecomm.qa.testcases.FirstFitTest" name="FirstFitQuestion10" time="0.176"/>
  <testcase classname="com.ecomm.qa.testcases.FirstFitTest" name="clickContinue" time="5.836"/>
  <testcase classname="com.ecomm.qa.testcases.TalentWatchGeneralTest" name="dismissModal" time="32.284">
    <failure type="org.openqa.selenium.NoSuchElementException" message="no such element: Unable to locate element: {&amp;quot;method&amp;quot;:&amp;quot;xpath&amp;quot;,&amp;quot;selector&amp;quot;:&amp;quot;//tbody/tr[12]/td[4]/input[1]&amp;quot;}
  (Session info: chrome=113.0.5672.129)
For documentation on this error, please visit: https://selenium.dev/exceptions/#no_such_element
Build info: version: &amp;apos;4.3.0&amp;apos;, revision: &amp;apos;a4995e2c09*&amp;apos;
System info: host: &amp;apos;DESKTOP-GJAVTI7&amp;apos;, ip: &amp;apos;192.168.0.102&amp;apos;, os.name: &amp;apos;Windows 10&amp;apos;, os.arch: &amp;apos;amd64&amp;apos;, os.version: &amp;apos;10.0&amp;apos;, java.version: &amp;apos;17.0.4&amp;apos;
Driver info: org.openqa.selenium.chrome.ChromeDriver
Command: [c5e2e4be20b843d76751ee7d3fe407b5, findElement {using=xpath, value=//tbody/tr[12]/td[4]/input[1]}]
Capabilities {acceptInsecureCerts: false, browserName: chrome, browserVersion: 113.0.5672.129, chrome: {chromedriverVersion: 113.0.5672.63 (0e1a4471d5ae..., userDataDir: C:\Users\Admin\AppData\Loca...}, goog:chromeOptions: {debuggerAddress: localhost:55779}, networkConnectionEnabled: false, pageLoadStrategy: normal, platformName: WINDOWS, proxy: Proxy(), se:cdp: ws://localhost:55779/devtoo..., se:cdpVersion: 113.0.5672.129, setWindowRect: true, strictFileInteractability: false, timeouts: {implicit: 0, pageLoad: 300000, script: 30000}, unhandledPromptBehavior: dismiss and notify, webauthn:extension:credBlob: true, webauthn:extension:largeBlob: true, webauthn:extension:minPinLength: true, webauthn:extension:prf: true, webauthn:virtualAuthenticators: true}
Session ID: c5e2e4be20b843d76751ee7d3fe407b5">
      <![CDATA[org.openqa.selenium.NoSuchElementException: no such element: Unable to locate element: {"method":"xpath","selector":"//tbody/tr[12]/td[4]/input[1]"}
  (Session info: chrome=113.0.5672.129)
For documentation on this error, please visit: https://selenium.dev/exceptions/#no_such_element
Build info: version: '4.3.0', revision: 'a4995e2c09*'
System info: host: 'DESKTOP-GJAVTI7', ip: '192.168.0.102', os.name: 'Windows 10', os.arch: 'amd64', os.version: '10.0', java.version: '17.0.4'
Driver info: org.openqa.selenium.chrome.ChromeDriver
Command: [c5e2e4be20b843d76751ee7d3fe407b5, findElement {using=xpath, value=//tbody/tr[12]/td[4]/input[1]}]
Capabilities {acceptInsecureCerts: false, browserName: chrome, browserVersion: 113.0.5672.129, chrome: {chromedriverVersion: 113.0.5672.63 (0e1a4471d5ae..., userDataDir: C:\Users\Admin\AppData\Loca...}, goog:chromeOptions: {debuggerAddress: localhost:55779}, networkConnectionEnabled: false, pageLoadStrategy: normal, platformName: WINDOWS, proxy: Proxy(), se:cdp: ws://localhost:55779/devtoo..., se:cdpVersion: 113.0.5672.129, setWindowRect: true, strictFileInteractability: false, timeouts: {implicit: 0, pageLoad: 300000, script: 30000}, unhandledPromptBehavior: dismiss and notify, webauthn:extension:credBlob: true, webauthn:extension:largeBlob: true, webauthn:extension:minPinLength: true, webauthn:extension:prf: true, webauthn:virtualAuthenticators: true}
Session ID: c5e2e4be20b843d76751ee7d3fe407b5
at org.openqa.selenium.remote.codec.w3c.W3CHttpResponseCodec.createException(W3CHttpResponseCodec.java:200)
at org.openqa.selenium.remote.codec.w3c.W3CHttpResponseCodec.decode(W3CHttpResponseCodec.java:133)
at org.openqa.selenium.remote.codec.w3c.W3CHttpResponseCodec.decode(W3CHttpResponseCodec.java:53)
at org.openqa.selenium.remote.HttpCommandExecutor.execute(HttpCommandExecutor.java:184)
at org.openqa.selenium.remote.service.DriverCommandExecutor.invokeExecute(DriverCommandExecutor.java:167)
at org.openqa.selenium.remote.service.DriverCommandExecutor.execute(DriverCommandExecutor.java:142)
at org.openqa.selenium.remote.RemoteWebDriver.execute(RemoteWebDriver.java:569)
at org.openqa.selenium.remote.ElementLocation$ElementFinder$2.findElement(ElementLocation.java:162)
at org.openqa.selenium.remote.ElementLocation.findElement(ElementLocation.java:60)
at org.openqa.selenium.remote.RemoteWebDriver.findElement(RemoteWebDriver.java:387)
at org.openqa.selenium.remote.RemoteWebDriver.findElement(RemoteWebDriver.java:379)
at com.ecomm.qa.pages.TalentWatchGeneral.TalentWatchPage(TalentWatchGeneral.java:65)
at com.ecomm.qa.testcases.TalentWatchGeneralTest.dismissModal(TalentWatchGeneralTest.java:36)
at java.base/java.util.ArrayList.forEach(ArrayList.java:1511)
... Removed 32 stack frames]]>
    </failure>
  </testcase> <!-- dismissModal -->
</testsuite> <!-- Retentionworks Talent Keeper -->
